<?xml version="1.0" encoding="UTF-8"?>
<coverage generated="1746809173091" clover="3.2.0">
  <project timestamp="1746809173091" name="All files">
    <metrics statements="28" coveredstatements="27" conditionals="8" coveredconditionals="7" methods="13" coveredmethods="12" elements="49" coveredelements="46" complexity="0" loc="28" ncloc="28" packages="1" files="3" classes="3"/>
    <file name="musics.js" path="/Users/bloodyrich/Desktop/Amalitech/Music-Player/src/musics.js">
      <metrics statements="1" coveredstatements="1" conditionals="0" coveredconditionals="0" methods="0" coveredmethods="0"/>
      <line num="1" count="1" type="stmt"/>
    </file>
    <file name="player.js" path="/Users/bloodyrich/Desktop/Amalitech/Music-Player/src/player.js">
      <metrics statements="18" coveredstatements="17" conditionals="2" coveredconditionals="2" methods="9" coveredmethods="8"/>
      <line num="6" count="9" type="stmt"/>
      <line num="7" count="9" type="stmt"/>
      <line num="8" count="9" type="stmt"/>
      <line num="9" count="9" type="stmt"/>
      <line num="13" count="2" type="stmt"/>
      <line num="14" count="2" type="stmt"/>
      <line num="15" count="2" type="stmt"/>
      <line num="19" count="1" type="stmt"/>
      <line num="20" count="1" type="stmt"/>
      <line num="21" count="1" type="stmt"/>
      <line num="25" count="1" type="stmt"/>
      <line num="26" count="1" type="stmt"/>
      <line num="30" count="1" type="stmt"/>
      <line num="34" count="1" type="stmt"/>
      <line num="38" count="1" type="stmt"/>
      <line num="39" count="1" type="stmt"/>
      <line num="43" count="1" type="stmt"/>
      <line num="47" count="0" type="stmt"/>
    </file>
    <file name="playlist.js" path="/Users/bloodyrich/Desktop/Amalitech/Music-Player/src/playlist.js">
      <metrics statements="9" coveredstatements="9" conditionals="6" coveredconditionals="5" methods="4" coveredmethods="4"/>
      <line num="3" count="8" type="stmt"/>
      <line num="4" count="8" type="stmt"/>
      <line num="8" count="5" type="stmt"/>
      <line num="12" count="2" type="cond" truecount="2" falsecount="0"/>
      <line num="13" count="1" type="stmt"/>
      <line num="15" count="1" type="stmt"/>
      <line num="20" count="2" type="cond" truecount="2" falsecount="0"/>
      <line num="21" count="1" type="stmt"/>
      <line num="23" count="1" type="stmt"/>
    </file>
  </project>
</coverage>
