TN:
SF:src/musics.js
FNF:0
FNH:0
DA:1,1
LF:1
LH:1
BRF:0
BRH:0
end_of_record
TN:
SF:src/player.js
FN:5,(anonymous_0)
FN:12,(anonymous_1)
FN:18,(anonymous_2)
FN:24,(anonymous_3)
FN:29,(anonymous_4)
FN:33,(anonymous_5)
FN:37,(anonymous_6)
FN:42,(anonymous_7)
FN:46,(anonymous_8)
FNF:9
FNH:8
FNDA:9,(anonymous_0)
FNDA:2,(anonymous_1)
FNDA:1,(anonymous_2)
FNDA:1,(anonymous_3)
FNDA:1,(anonymous_4)
FNDA:1,(anonymous_5)
FNDA:1,(anonymous_6)
FNDA:1,(anonymous_7)
FNDA:0,(anonymous_8)
DA:6,9
DA:7,9
DA:8,9
DA:9,9
DA:13,2
DA:14,2
DA:15,2
DA:19,1
DA:20,1
DA:21,1
DA:25,1
DA:26,1
DA:30,1
DA:34,1
DA:38,1
DA:39,1
DA:43,1
DA:47,0
LF:18
LH:17
BRDA:5,0,0,9
BRDA:12,1,0,2
BRF:2
BRH:2
end_of_record
TN:
SF:src/playlist.js
FN:2,(anonymous_0)
FN:7,(anonymous_1)
FN:11,(anonymous_2)
FN:19,(anonymous_3)
FNF:4
FNH:4
FNDA:8,(anonymous_0)
FNDA:5,(anonymous_1)
FNDA:2,(anonymous_2)
FNDA:2,(anonymous_3)
DA:3,8
DA:4,8
DA:8,5
DA:12,2
DA:13,1
DA:15,1
DA:20,2
DA:21,1
DA:23,1
LF:9
LH:9
BRDA:2,0,0,0
BRDA:2,1,0,6
BRDA:12,2,0,1
BRDA:12,2,1,1
BRDA:20,3,0,1
BRDA:20,3,1,1
BRF:6
BRH:5
end_of_record
